{"/Users/ademolaonasiga/Documents/works/react/paysmosmo-ecommerce/src/utils/functions/CalculatePercentage.js": {"path":"/Users/ademolaonasiga/Documents/works/react/paysmosmo-ecommerce/src/utils/functions/CalculatePercentage.js","statementMap":{"0":{"start":{"line":1,"column":28},"end":{"line":14,"column":1}},"1":{"start":{"line":2,"column":4},"end":{"line":10,"column":5}},"2":{"start":{"line":3,"column":26},"end":{"line":3,"column":71}},"3":{"start":{"line":3,"column":49},"end":{"line":3,"column":70}},"4":{"start":{"line":4,"column":23},"end":{"line":4,"column":47}},"5":{"start":{"line":5,"column":28},"end":{"line":5,"column":47}},"6":{"start":{"line":6,"column":20},"end":{"line":6,"column":46}},"7":{"start":{"line":7,"column":20},"end":{"line":7,"column":35}},"8":{"start":{"line":8,"column":25},"end":{"line":8,"column":34}},"9":{"start":{"line":9,"column":8},"end":{"line":9,"column":32}},"10":{"start":{"line":12,"column":4},"end":{"line":12,"column":34}}},"fnMap":{"0":{"name":"(anonymous_0)","decl":{"start":{"line":1,"column":28},"end":{"line":1,"column":29}},"loc":{"start":{"line":1,"column":43},"end":{"line":14,"column":1}},"line":1},"1":{"name":"(anonymous_1)","decl":{"start":{"line":3,"column":39},"end":{"line":3,"column":40}},"loc":{"start":{"line":3,"column":49},"end":{"line":3,"column":70}},"line":3}},"branchMap":{"0":{"loc":{"start":{"line":1,"column":29},"end":{"line":1,"column":38}},"type":"default-arg","locations":[{"start":{"line":1,"column":36},"end":{"line":1,"column":38}}],"line":1},"1":{"loc":{"start":{"line":2,"column":4},"end":{"line":10,"column":5}},"type":"if","locations":[{"start":{"line":2,"column":4},"end":{"line":10,"column":5}},{"start":{},"end":{}}],"line":2}},"s":{"0":1,"1":2,"2":2,"3":8,"4":2,"5":2,"6":2,"7":2,"8":2,"9":2,"10":0},"f":{"0":2,"1":8},"b":{"0":[0],"1":[2,0]},"_coverageSchema":"1a1c01bbd47fc00a2c39e90264f33305004495a9","hash":"5abb0762f10a96bea61a0efc6bd80d4406c22ec2"}
}
